[dotenv@17.2.3] injecting env (2) from .env -- tip: ΓÜÖ∩╕Å  specify custom .env file path with { path: '/custom/path/.env' }
node.exe : E:\NextJs\expense-
tracking\backend\node_modules
\@prisma\client\src\runtime\u
tils\validatePrismaClientOpti
ons.ts:239
At line:1 char:1
+ & 
"C:\nvm4w\nodejs/node.exe" "C
:\nvm4w\nodejs/node_modules/n
pm/bin/np ...
+ ~~~~~~~~~~~~~~~~~~~~~~~~~~~
~~~~~~~~~~~~~~~~~~~~~~~~~~~~~
~~~~~~~~~~~~~
    + CategoryInfo           
   : NotSpecified: (E:\Next  
  Js\expen...tOptions.ts:2   
 39:String) [], RemoteExc    
eption
    + FullyQualifiedErrorId  
   : NativeCommandError
 
      throw new PrismaClientC
onstructorValidationError(
            ^

PrismaClientConstructorValida
tionError: Unknown property 
datasources provided to 
PrismaClient constructor.
Read more at https://pris.ly/
d/client-constructor
    at 
validatePrismaClientOptions (
E:\NextJs\expense-tracking\ba
ckend\node_modules\@prisma\cl
ient\src\runtime\utils\valida
tePrismaClientOptions.ts:239:
13)
    at new t (E:\NextJs\expen
se-tracking\backend\node_modu
les\@prisma\client\src\runtim
e\getPrismaClient.ts:281:7)
    at app (E:\NextJs\expense
-tracking\backend\src\server.
ts:7:16)
    at Object.<anonymous> (E:
\NextJs\expense-tracking\back
end\src\server.ts:31:6)
    at Module._compile (node:
internal/modules/cjs/loader:1
760:14)
    at Object.transformer (E:
\NextJs\expense-tracking\back
end\node_modules\tsx\dist\reg
ister-D46fvsV_.cjs:3:1104)
    at Module.load (node:inte
rnal/modules/cjs/loader:1480:
32)
    at Module._load (node:int
ernal/modules/cjs/loader:1299
:12)
    at 
TracingChannel.traceSync (nod
e:diagnostics_channel:328:14)
    at wrapModuleLoad (node:i
nternal/modules/cjs/loader:24
4:24)

Node.js v24.11.0
